
C:\Program Files (x86)\Arduino\arduino-builder -dump-prefs -logger=machine -hardware C:\Program Files (x86)\Arduino\hardware -hardware C:\Users\5578\AppData\Local\Arduino15\packages -tools C:\Program Files (x86)\Arduino\tools-builder -tools C:\Program Files (x86)\Arduino\hardware\tools\avr -tools C:\Users\5578\AppData\Local\Arduino15\packages -built-in-libraries C:\Program Files (x86)\Arduino\libraries -libraries C:\Users\5578\Documents\Arduino\libraries -fqbn=arduino:avr:nano:cpu=atmega328old -ide-version=10807 -build-path C:\Users\5578\AppData\Local\Temp\arduino_build_433861 -warnings=none -build-cache C:\Users\5578\AppData\Local\Temp\arduino_cache_708779 -prefs=build.warn_data_percentage=75 -prefs=runtime.tools.avrdude.path=C:\Program Files (x86)\Arduino\hardware\tools\avr -prefs=runtime.tools.avrdude-6.3.0-arduino14.path=C:\Program Files (x86)\Arduino\hardware\tools\avr -prefs=runtime.tools.avr-gcc.path=C:\Program Files (x86)\Arduino\hardware\tools\avr -prefs=runtime.tools.avr-gcc-5.4.0-atmel3.6.1-arduino2.path=C:\Program Files (x86)\Arduino\hardware\tools\avr -prefs=runtime.tools.arduinoOTA.path=C:\Program Files (x86)\Arduino\hardware\tools\avr -prefs=runtime.tools.arduinoOTA-1.2.1.path=C:\Program Files (x86)\Arduino\hardware\tools\avr -verbose C:\Users\5578\Desktop\1026-proj\proj\key-led-servo\key-led-servo.ino
C:\Program Files (x86)\Arduino\arduino-builder -compile -logger=machine -hardware C:\Program Files (x86)\Arduino\hardware -hardware C:\Users\5578\AppData\Local\Arduino15\packages -tools C:\Program Files (x86)\Arduino\tools-builder -tools C:\Program Files (x86)\Arduino\hardware\tools\avr -tools C:\Users\5578\AppData\Local\Arduino15\packages -built-in-libraries C:\Program Files (x86)\Arduino\libraries -libraries C:\Users\5578\Documents\Arduino\libraries -fqbn=arduino:avr:nano:cpu=atmega328old -ide-version=10807 -build-path C:\Users\5578\AppData\Local\Temp\arduino_build_433861 -warnings=none -build-cache C:\Users\5578\AppData\Local\Temp\arduino_cache_708779 -prefs=build.warn_data_percentage=75 -prefs=runtime.tools.avrdude.path=C:\Program Files (x86)\Arduino\hardware\tools\avr -prefs=runtime.tools.avrdude-6.3.0-arduino14.path=C:\Program Files (x86)\Arduino\hardware\tools\avr -prefs=runtime.tools.avr-gcc.path=C:\Program Files (x86)\Arduino\hardware\tools\avr -prefs=runtime.tools.avr-gcc-5.4.0-atmel3.6.1-arduino2.path=C:\Program Files (x86)\Arduino\hardware\tools\avr -prefs=runtime.tools.arduinoOTA.path=C:\Program Files (x86)\Arduino\hardware\tools\avr -prefs=runtime.tools.arduinoOTA-1.2.1.path=C:\Program Files (x86)\Arduino\hardware\tools\avr -verbose C:\Users\5578\Desktop\1026-proj\proj\key-led-servo\key-led-servo.ino
Using board 'nano' from platform in folder: C:\Program Files (x86)\Arduino\hardware\arduino\avr
Using core 'arduino' from platform in folder: C:\Program Files (x86)\Arduino\hardware\arduino\avr
Build options changed, rebuilding all
Detecting libraries used...
"C:\\Program Files (x86)\\Arduino\\hardware\\tools\\avr/bin/avr-g++" -c -g -Os -w -std=gnu++11 -fpermissive -fno-exceptions -ffunction-sections -fdata-sections -fno-threadsafe-statics -Wno-error=narrowing -flto -w -x c++ -E -CC -mmcu=atmega328p -DF_CPU=16000000L -DARDUINO=10807 -DARDUINO_AVR_NANO -DARDUINO_ARCH_AVR "-IC:\\Program Files (x86)\\Arduino\\hardware\\arduino\\avr\\cores\\arduino" "-IC:\\Program Files (x86)\\Arduino\\hardware\\arduino\\avr\\variants\\eightanaloginputs" "C:\\Users\\5578\\AppData\\Local\\Temp\\arduino_build_433861\\sketch\\key-led-servo.ino.cpp" -o nul
"C:\\Program Files (x86)\\Arduino\\hardware\\tools\\avr/bin/avr-g++" -c -g -Os -w -std=gnu++11 -fpermissive -fno-exceptions -ffunction-sections -fdata-sections -fno-threadsafe-statics -Wno-error=narrowing -flto -w -x c++ -E -CC -mmcu=atmega328p -DF_CPU=16000000L -DARDUINO=10807 -DARDUINO_AVR_NANO -DARDUINO_ARCH_AVR "-IC:\\Program Files (x86)\\Arduino\\hardware\\arduino\\avr\\cores\\arduino" "-IC:\\Program Files (x86)\\Arduino\\hardware\\arduino\\avr\\variants\\eightanaloginputs" "-IC:\\Program Files (x86)\\Arduino\\libraries\\Servo\\src" "C:\\Users\\5578\\AppData\\Local\\Temp\\arduino_build_433861\\sketch\\key-led-servo.ino.cpp" -o nul
"C:\\Program Files (x86)\\Arduino\\hardware\\tools\\avr/bin/avr-g++" -c -g -Os -w -std=gnu++11 -fpermissive -fno-exceptions -ffunction-sections -fdata-sections -fno-threadsafe-statics -Wno-error=narrowing -flto -w -x c++ -E -CC -mmcu=atmega328p -DF_CPU=16000000L -DARDUINO=10807 -DARDUINO_AVR_NANO -DARDUINO_ARCH_AVR "-IC:\\Program Files (x86)\\Arduino\\hardware\\arduino\\avr\\cores\\arduino" "-IC:\\Program Files (x86)\\Arduino\\hardware\\arduino\\avr\\variants\\eightanaloginputs" "-IC:\\Program Files (x86)\\Arduino\\libraries\\Servo\\src" "C:\\Program Files (x86)\\Arduino\\libraries\\Servo\\src\\avr\\Servo.cpp" -o nul
"C:\\Program Files (x86)\\Arduino\\hardware\\tools\\avr/bin/avr-g++" -c -g -Os -w -std=gnu++11 -fpermissive -fno-exceptions -ffunction-sections -fdata-sections -fno-threadsafe-statics -Wno-error=narrowing -flto -w -x c++ -E -CC -mmcu=atmega328p -DF_CPU=16000000L -DARDUINO=10807 -DARDUINO_AVR_NANO -DARDUINO_ARCH_AVR "-IC:\\Program Files (x86)\\Arduino\\hardware\\arduino\\avr\\cores\\arduino" "-IC:\\Program Files (x86)\\Arduino\\hardware\\arduino\\avr\\variants\\eightanaloginputs" "-IC:\\Program Files (x86)\\Arduino\\libraries\\Servo\\src" "C:\\Program Files (x86)\\Arduino\\libraries\\Servo\\src\\nrf52\\Servo.cpp" -o nul
"C:\\Program Files (x86)\\Arduino\\hardware\\tools\\avr/bin/avr-g++" -c -g -Os -w -std=gnu++11 -fpermissive -fno-exceptions -ffunction-sections -fdata-sections -fno-threadsafe-statics -Wno-error=narrowing -flto -w -x c++ -E -CC -mmcu=atmega328p -DF_CPU=16000000L -DARDUINO=10807 -DARDUINO_AVR_NANO -DARDUINO_ARCH_AVR "-IC:\\Program Files (x86)\\Arduino\\hardware\\arduino\\avr\\cores\\arduino" "-IC:\\Program Files (x86)\\Arduino\\hardware\\arduino\\avr\\variants\\eightanaloginputs" "-IC:\\Program Files (x86)\\Arduino\\libraries\\Servo\\src" "C:\\Program Files (x86)\\Arduino\\libraries\\Servo\\src\\sam\\Servo.cpp" -o nul
"C:\\Program Files (x86)\\Arduino\\hardware\\tools\\avr/bin/avr-g++" -c -g -Os -w -std=gnu++11 -fpermissive -fno-exceptions -ffunction-sections -fdata-sections -fno-threadsafe-statics -Wno-error=narrowing -flto -w -x c++ -E -CC -mmcu=atmega328p -DF_CPU=16000000L -DARDUINO=10807 -DARDUINO_AVR_NANO -DARDUINO_ARCH_AVR "-IC:\\Program Files (x86)\\Arduino\\hardware\\arduino\\avr\\cores\\arduino" "-IC:\\Program Files (x86)\\Arduino\\hardware\\arduino\\avr\\variants\\eightanaloginputs" "-IC:\\Program Files (x86)\\Arduino\\libraries\\Servo\\src" "C:\\Program Files (x86)\\Arduino\\libraries\\Servo\\src\\samd\\Servo.cpp" -o nul
"C:\\Program Files (x86)\\Arduino\\hardware\\tools\\avr/bin/avr-g++" -c -g -Os -w -std=gnu++11 -fpermissive -fno-exceptions -ffunction-sections -fdata-sections -fno-threadsafe-statics -Wno-error=narrowing -flto -w -x c++ -E -CC -mmcu=atmega328p -DF_CPU=16000000L -DARDUINO=10807 -DARDUINO_AVR_NANO -DARDUINO_ARCH_AVR "-IC:\\Program Files (x86)\\Arduino\\hardware\\arduino\\avr\\cores\\arduino" "-IC:\\Program Files (x86)\\Arduino\\hardware\\arduino\\avr\\variants\\eightanaloginputs" "-IC:\\Program Files (x86)\\Arduino\\libraries\\Servo\\src" "C:\\Program Files (x86)\\Arduino\\libraries\\Servo\\src\\stm32f4\\Servo.cpp" -o nul
Generating function prototypes...
"C:\\Program Files (x86)\\Arduino\\hardware\\tools\\avr/bin/avr-g++" -c -g -Os -w -std=gnu++11 -fpermissive -fno-exceptions -ffunction-sections -fdata-sections -fno-threadsafe-statics -Wno-error=narrowing -flto -w -x c++ -E -CC -mmcu=atmega328p -DF_CPU=16000000L -DARDUINO=10807 -DARDUINO_AVR_NANO -DARDUINO_ARCH_AVR "-IC:\\Program Files (x86)\\Arduino\\hardware\\arduino\\avr\\cores\\arduino" "-IC:\\Program Files (x86)\\Arduino\\hardware\\arduino\\avr\\variants\\eightanaloginputs" "-IC:\\Program Files (x86)\\Arduino\\libraries\\Servo\\src" "C:\\Users\\5578\\AppData\\Local\\Temp\\arduino_build_433861\\sketch\\key-led-servo.ino.cpp" -o "C:\\Users\\5578\\AppData\\Local\\Temp\\arduino_build_433861\\preproc\\ctags_target_for_gcc_minus_e.cpp"
"C:\\Program Files (x86)\\Arduino\\tools-builder\\ctags\\5.8-arduino11/ctags" -u --language-force=c++ -f - --c++-kinds=svpf --fields=KSTtzns --line-directives "C:\\Users\\5578\\AppData\\Local\\Temp\\arduino_build_433861\\preproc\\ctags_target_for_gcc_minus_e.cpp"
Compiling sketch...
"C:\\Program Files (x86)\\Arduino\\hardware\\tools\\avr/bin/avr-g++" -c -g -Os -w -std=gnu++11 -fpermissive -fno-exceptions -ffunction-sections -fdata-sections -fno-threadsafe-statics -Wno-error=narrowing -MMD -flto -mmcu=atmega328p -DF_CPU=16000000L -DARDUINO=10807 -DARDUINO_AVR_NANO -DARDUINO_ARCH_AVR "-IC:\\Program Files (x86)\\Arduino\\hardware\\arduino\\avr\\cores\\arduino" "-IC:\\Program Files (x86)\\Arduino\\hardware\\arduino\\avr\\variants\\eightanaloginputs" "-IC:\\Program Files (x86)\\Arduino\\libraries\\Servo\\src" "C:\\Users\\5578\\AppData\\Local\\Temp\\arduino_build_433861\\sketch\\key-led-servo.ino.cpp" -o "C:\\Users\\5578\\AppData\\Local\\Temp\\arduino_build_433861\\sketch\\key-led-servo.ino.cpp.o"
Compiling libraries...
Compiling library "Servo"
"C:\\Program Files (x86)\\Arduino\\hardware\\tools\\avr/bin/avr-g++" -c -g -Os -w -std=gnu++11 -fpermissive -fno-exceptions -ffunction-sections -fdata-sections -fno-threadsafe-statics -Wno-error=narrowing -MMD -flto -mmcu=atmega328p -DF_CPU=16000000L -DARDUINO=10807 -DARDUINO_AVR_NANO -DARDUINO_ARCH_AVR "-IC:\\Program Files (x86)\\Arduino\\hardware\\arduino\\avr\\cores\\arduino" "-IC:\\Program Files (x86)\\Arduino\\hardware\\arduino\\avr\\variants\\eightanaloginputs" "-IC:\\Program Files (x86)\\Arduino\\libraries\\Servo\\src" "C:\\Program Files (x86)\\Arduino\\libraries\\Servo\\src\\avr\\Servo.cpp" -o "C:\\Users\\5578\\AppData\\Local\\Temp\\arduino_build_433861\\libraries\\Servo\\avr\\Servo.cpp.o"
"C:\\Program Files (x86)\\Arduino\\hardware\\tools\\avr/bin/avr-g++" -c -g -Os -w -std=gnu++11 -fpermissive -fno-exceptions -ffunction-sections -fdata-sections -fno-threadsafe-statics -Wno-error=narrowing -MMD -flto -mmcu=atmega328p -DF_CPU=16000000L -DARDUINO=10807 -DARDUINO_AVR_NANO -DARDUINO_ARCH_AVR "-IC:\\Program Files (x86)\\Arduino\\hardware\\arduino\\avr\\cores\\arduino" "-IC:\\Program Files (x86)\\Arduino\\hardware\\arduino\\avr\\variants\\eightanaloginputs" "-IC:\\Program Files (x86)\\Arduino\\libraries\\Servo\\src" "C:\\Program Files (x86)\\Arduino\\libraries\\Servo\\src\\nrf52\\Servo.cpp" -o "C:\\Users\\5578\\AppData\\Local\\Temp\\arduino_build_433861\\libraries\\Servo\\nrf52\\Servo.cpp.o"
"C:\\Program Files (x86)\\Arduino\\hardware\\tools\\avr/bin/avr-g++" -c -g -Os -w -std=gnu++11 -fpermissive -fno-exceptions -ffunction-sections -fdata-sections -fno-threadsafe-statics -Wno-error=narrowing -MMD -flto -mmcu=atmega328p -DF_CPU=16000000L -DARDUINO=10807 -DARDUINO_AVR_NANO -DARDUINO_ARCH_AVR "-IC:\\Program Files (x86)\\Arduino\\hardware\\arduino\\avr\\cores\\arduino" "-IC:\\Program Files (x86)\\Arduino\\hardware\\arduino\\avr\\variants\\eightanaloginputs" "-IC:\\Program Files (x86)\\Arduino\\libraries\\Servo\\src" "C:\\Program Files (x86)\\Arduino\\libraries\\Servo\\src\\sam\\Servo.cpp" -o "C:\\Users\\5578\\AppData\\Local\\Temp\\arduino_build_433861\\libraries\\Servo\\sam\\Servo.cpp.o"
"C:\\Program Files (x86)\\Arduino\\hardware\\tools\\avr/bin/avr-g++" -c -g -Os -w -std=gnu++11 -fpermissive -fno-exceptions -ffunction-sections -fdata-sections -fno-threadsafe-statics -Wno-error=narrowing -MMD -flto -mmcu=atmega328p -DF_CPU=16000000L -DARDUINO=10807 -DARDUINO_AVR_NANO -DARDUINO_ARCH_AVR "-IC:\\Program Files (x86)\\Arduino\\hardware\\arduino\\avr\\cores\\arduino" "-IC:\\Program Files (x86)\\Arduino\\hardware\\arduino\\avr\\variants\\eightanaloginputs" "-IC:\\Program Files (x86)\\Arduino\\libraries\\Servo\\src" "C:\\Program Files (x86)\\Arduino\\libraries\\Servo\\src\\samd\\Servo.cpp" -o "C:\\Users\\5578\\AppData\\Local\\Temp\\arduino_build_433861\\libraries\\Servo\\samd\\Servo.cpp.o"
"C:\\Program Files (x86)\\Arduino\\hardware\\tools\\avr/bin/avr-g++" -c -g -Os -w -std=gnu++11 -fpermissive -fno-exceptions -ffunction-sections -fdata-sections -fno-threadsafe-statics -Wno-error=narrowing -MMD -flto -mmcu=atmega328p -DF_CPU=16000000L -DARDUINO=10807 -DARDUINO_AVR_NANO -DARDUINO_ARCH_AVR "-IC:\\Program Files (x86)\\Arduino\\hardware\\arduino\\avr\\cores\\arduino" "-IC:\\Program Files (x86)\\Arduino\\hardware\\arduino\\avr\\variants\\eightanaloginputs" "-IC:\\Program Files (x86)\\Arduino\\libraries\\Servo\\src" "C:\\Program Files (x86)\\Arduino\\libraries\\Servo\\src\\stm32f4\\Servo.cpp" -o "C:\\Users\\5578\\AppData\\Local\\Temp\\arduino_build_433861\\libraries\\Servo\\stm32f4\\Servo.cpp.o"
Compiling core...
"C:\\Program Files (x86)\\Arduino\\hardware\\tools\\avr/bin/avr-gcc" -c -g -x assembler-with-cpp -flto -MMD -mmcu=atmega328p -DF_CPU=16000000L -DARDUINO=10807 -DARDUINO_AVR_NANO -DARDUINO_ARCH_AVR "-IC:\\Program Files (x86)\\Arduino\\hardware\\arduino\\avr\\cores\\arduino" "-IC:\\Program Files (x86)\\Arduino\\hardware\\arduino\\avr\\variants\\eightanaloginputs" "C:\\Program Files (x86)\\Arduino\\hardware\\arduino\\avr\\cores\\arduino\\wiring_pulse.S" -o "C:\\Users\\5578\\AppData\\Local\\Temp\\arduino_build_433861\\core\\wiring_pulse.S.o"
"C:\\Program Files (x86)\\Arduino\\hardware\\tools\\avr/bin/avr-gcc" -c -g -Os -w -std=gnu11 -ffunction-sections -fdata-sections -MMD -flto -fno-fat-lto-objects -mmcu=atmega328p -DF_CPU=16000000L -DARDUINO=10807 -DARDUINO_AVR_NANO -DARDUINO_ARCH_AVR "-IC:\\Program Files (x86)\\Arduino\\hardware\\arduino\\avr\\cores\\arduino" "-IC:\\Program Files (x86)\\Arduino\\hardware\\arduino\\avr\\variants\\eightanaloginputs" "C:\\Program Files (x86)\\Arduino\\hardware\\arduino\\avr\\cores\\arduino\\wiring_digital.c" -o "C:\\Users\\5578\\AppData\\Local\\Temp\\arduino_build_433861\\core\\wiring_digital.c.o"
"C:\\Program Files (x86)\\Arduino\\hardware\\tools\\avr/bin/avr-gcc" -c -g -Os -w -std=gnu11 -ffunction-sections -fdata-sections -MMD -flto -fno-fat-lto-objects -mmcu=atmega328p -DF_CPU=16000000L -DARDUINO=10807 -DARDUINO_AVR_NANO -DARDUINO_ARCH_AVR "-IC:\\Program Files (x86)\\Arduino\\hardware\\arduino\\avr\\cores\\arduino" "-IC:\\Program Files (x86)\\Arduino\\hardware\\arduino\\avr\\variants\\eightanaloginputs" "C:\\Program Files (x86)\\Arduino\\hardware\\arduino\\avr\\cores\\arduino\\wiring_analog.c" -o "C:\\Users\\5578\\AppData\\Local\\Temp\\arduino_build_433861\\core\\wiring_analog.c.o"
"C:\\Program Files (x86)\\Arduino\\hardware\\tools\\avr/bin/avr-gcc" -c -g -Os -w -std=gnu11 -ffunction-sections -fdata-sections -MMD -flto -fno-fat-lto-objects -mmcu=atmega328p -DF_CPU=16000000L -DARDUINO=10807 -DARDUINO_AVR_NANO -DARDUINO_ARCH_AVR "-IC:\\Program Files (x86)\\Arduino\\hardware\\arduino\\avr\\cores\\arduino" "-IC:\\Program Files (x86)\\Arduino\\hardware\\arduino\\avr\\variants\\eightanaloginputs" "C:\\Program Files (x86)\\Arduino\\hardware\\arduino\\avr\\cores\\arduino\\hooks.c" -o "C:\\Users\\5578\\AppData\\Local\\Temp\\arduino_build_433861\\core\\hooks.c.o"
"C:\\Program Files (x86)\\Arduino\\hardware\\tools\\avr/bin/avr-gcc" -c -g -Os -w -std=gnu11 -ffunction-sections -fdata-sections -MMD -flto -fno-fat-lto-objects -mmcu=atmega328p -DF_CPU=16000000L -DARDUINO=10807 -DARDUINO_AVR_NANO -DARDUINO_ARCH_AVR "-IC:\\Program Files (x86)\\Arduino\\hardware\\arduino\\avr\\cores\\arduino" "-IC:\\Program Files (x86)\\Arduino\\hardware\\arduino\\avr\\variants\\eightanaloginputs" "C:\\Program Files (x86)\\Arduino\\hardware\\arduino\\avr\\cores\\arduino\\wiring.c" -o "C:\\Users\\5578\\AppData\\Local\\Temp\\arduino_build_433861\\core\\wiring.c.o"
"C:\\Program Files (x86)\\Arduino\\hardware\\tools\\avr/bin/avr-gcc" -c -g -Os -w -std=gnu11 -ffunction-sections -fdata-sections -MMD -flto -fno-fat-lto-objects -mmcu=atmega328p -DF_CPU=16000000L -DARDUINO=10807 -DARDUINO_AVR_NANO -DARDUINO_ARCH_AVR "-IC:\\Program Files (x86)\\Arduino\\hardware\\arduino\\avr\\cores\\arduino" "-IC:\\Program Files (x86)\\Arduino\\hardware\\arduino\\avr\\variants\\eightanaloginputs" "C:\\Program Files (x86)\\Arduino\\hardware\\arduino\\avr\\cores\\arduino\\wiring_pulse.c" -o "C:\\Users\\5578\\AppData\\Local\\Temp\\arduino_build_433861\\core\\wiring_pulse.c.o"
"C:\\Program Files (x86)\\Arduino\\hardware\\tools\\avr/bin/avr-gcc" -c -g -Os -w -std=gnu11 -ffunction-sections -fdata-sections -MMD -flto -fno-fat-lto-objects -mmcu=atmega328p -DF_CPU=16000000L -DARDUINO=10807 -DARDUINO_AVR_NANO -DARDUINO_ARCH_AVR "-IC:\\Program Files (x86)\\Arduino\\hardware\\arduino\\avr\\cores\\arduino" "-IC:\\Program Files (x86)\\Arduino\\hardware\\arduino\\avr\\variants\\eightanaloginputs" "C:\\Program Files (x86)\\Arduino\\hardware\\arduino\\avr\\cores\\arduino\\wiring_shift.c" -o "C:\\Users\\5578\\AppData\\Local\\Temp\\arduino_build_433861\\core\\wiring_shift.c.o"
"C:\\Program Files (x86)\\Arduino\\hardware\\tools\\avr/bin/avr-gcc" -c -g -Os -w -std=gnu11 -ffunction-sections -fdata-sections -MMD -flto -fno-fat-lto-objects -mmcu=atmega328p -DF_CPU=16000000L -DARDUINO=10807 -DARDUINO_AVR_NANO -DARDUINO_ARCH_AVR "-IC:\\Program Files (x86)\\Arduino\\hardware\\arduino\\avr\\cores\\arduino" "-IC:\\Program Files (x86)\\Arduino\\hardware\\arduino\\avr\\variants\\eightanaloginputs" "C:\\Program Files (x86)\\Arduino\\hardware\\arduino\\avr\\cores\\arduino\\WInterrupts.c" -o "C:\\Users\\5578\\AppData\\Local\\Temp\\arduino_build_433861\\core\\WInterrupts.c.o"
"C:\\Program Files (x86)\\Arduino\\hardware\\tools\\avr/bin/avr-g++" -c -g -Os -w -std=gnu++11 -fpermissive -fno-exceptions -ffunction-sections -fdata-sections -fno-threadsafe-statics -Wno-error=narrowing -MMD -flto -mmcu=atmega328p -DF_CPU=16000000L -DARDUINO=10807 -DARDUINO_AVR_NANO -DARDUINO_ARCH_AVR "-IC:\\Program Files (x86)\\Arduino\\hardware\\arduino\\avr\\cores\\arduino" "-IC:\\Program Files (x86)\\Arduino\\hardware\\arduino\\avr\\variants\\eightanaloginputs" "C:\\Program Files (x86)\\Arduino\\hardware\\arduino\\avr\\cores\\arduino\\CDC.cpp" -o "C:\\Users\\5578\\AppData\\Local\\Temp\\arduino_build_433861\\core\\CDC.cpp.o"
"C:\\Program Files (x86)\\Arduino\\hardware\\tools\\avr/bin/avr-g++" -c -g -Os -w -std=gnu++11 -fpermissive -fno-exceptions -ffunction-sections -fdata-sections -fno-threadsafe-statics -Wno-error=narrowing -MMD -flto -mmcu=atmega328p -DF_CPU=16000000L -DARDUINO=10807 -DARDUINO_AVR_NANO -DARDUINO_ARCH_AVR "-IC:\\Program Files (x86)\\Arduino\\hardware\\arduino\\avr\\cores\\arduino" "-IC:\\Program Files (x86)\\Arduino\\hardware\\arduino\\avr\\variants\\eightanaloginputs" "C:\\Program Files (x86)\\Arduino\\hardware\\arduino\\avr\\cores\\arduino\\Print.cpp" -o "C:\\Users\\5578\\AppData\\Local\\Temp\\arduino_build_433861\\core\\Print.cpp.o"
"C:\\Program Files (x86)\\Arduino\\hardware\\tools\\avr/bin/avr-g++" -c -g -Os -w -std=gnu++11 -fpermissive -fno-exceptions -ffunction-sections -fdata-sections -fno-threadsafe-statics -Wno-error=narrowing -MMD -flto -mmcu=atmega328p -DF_CPU=16000000L -DARDUINO=10807 -DARDUINO_AVR_NANO -DARDUINO_ARCH_AVR "-IC:\\Program Files (x86)\\Arduino\\hardware\\arduino\\avr\\cores\\arduino" "-IC:\\Program Files (x86)\\Arduino\\hardware\\arduino\\avr\\variants\\eightanaloginputs" "C:\\Program Files (x86)\\Arduino\\hardware\\arduino\\avr\\cores\\arduino\\WMath.cpp" -o "C:\\Users\\5578\\AppData\\Local\\Temp\\arduino_build_433861\\core\\WMath.cpp.o"
"C:\\Program Files (x86)\\Arduino\\hardware\\tools\\avr/bin/avr-g++" -c -g -Os -w -std=gnu++11 -fpermissive -fno-exceptions -ffunction-sections -fdata-sections -fno-threadsafe-statics -Wno-error=narrowing -MMD -flto -mmcu=atmega328p -DF_CPU=16000000L -DARDUINO=10807 -DARDUINO_AVR_NANO -DARDUINO_ARCH_AVR "-IC:\\Program Files (x86)\\Arduino\\hardware\\arduino\\avr\\cores\\arduino" "-IC:\\Program Files (x86)\\Arduino\\hardware\\arduino\\avr\\variants\\eightanaloginputs" "C:\\Program Files (x86)\\Arduino\\hardware\\arduino\\avr\\cores\\arduino\\Tone.cpp" -o "C:\\Users\\5578\\AppData\\Local\\Temp\\arduino_build_433861\\core\\Tone.cpp.o"
"C:\\Program Files (x86)\\Arduino\\hardware\\tools\\avr/bin/avr-g++" -c -g -Os -w -std=gnu++11 -fpermissive -fno-exceptions -ffunction-sections -fdata-sections -fno-threadsafe-statics -Wno-error=narrowing -MMD -flto -mmcu=atmega328p -DF_CPU=16000000L -DARDUINO=10807 -DARDUINO_AVR_NANO -DARDUINO_ARCH_AVR "-IC:\\Program Files (x86)\\Arduino\\hardware\\arduino\\avr\\cores\\arduino" "-IC:\\Program Files (x86)\\Arduino\\hardware\\arduino\\avr\\variants\\eightanaloginputs" "C:\\Program Files (x86)\\Arduino\\hardware\\arduino\\avr\\cores\\arduino\\HardwareSerial.cpp" -o "C:\\Users\\5578\\AppData\\Local\\Temp\\arduino_build_433861\\core\\HardwareSerial.cpp.o"
"C:\\Program Files (x86)\\Arduino\\hardware\\tools\\avr/bin/avr-g++" -c -g -Os -w -std=gnu++11 -fpermissive -fno-exceptions -ffunction-sections -fdata-sections -fno-threadsafe-statics -Wno-error=narrowing -MMD -flto -mmcu=atmega328p -DF_CPU=16000000L -DARDUINO=10807 -DARDUINO_AVR_NANO -DARDUINO_ARCH_AVR "-IC:\\Program Files (x86)\\Arduino\\hardware\\arduino\\avr\\cores\\arduino" "-IC:\\Program Files (x86)\\Arduino\\hardware\\arduino\\avr\\variants\\eightanaloginputs" "C:\\Program Files (x86)\\Arduino\\hardware\\arduino\\avr\\cores\\arduino\\WString.cpp" -o "C:\\Users\\5578\\AppData\\Local\\Temp\\arduino_build_433861\\core\\WString.cpp.o"
"C:\\Program Files (x86)\\Arduino\\hardware\\tools\\avr/bin/avr-g++" -c -g -Os -w -std=gnu++11 -fpermissive -fno-exceptions -ffunction-sections -fdata-sections -fno-threadsafe-statics -Wno-error=narrowing -MMD -flto -mmcu=atmega328p -DF_CPU=16000000L -DARDUINO=10807 -DARDUINO_AVR_NANO -DARDUINO_ARCH_AVR "-IC:\\Program Files (x86)\\Arduino\\hardware\\arduino\\avr\\cores\\arduino" "-IC:\\Program Files (x86)\\Arduino\\hardware\\arduino\\avr\\variants\\eightanaloginputs" "C:\\Program Files (x86)\\Arduino\\hardware\\arduino\\avr\\cores\\arduino\\USBCore.cpp" -o "C:\\Users\\5578\\AppData\\Local\\Temp\\arduino_build_433861\\core\\USBCore.cpp.o"
"C:\\Program Files (x86)\\Arduino\\hardware\\tools\\avr/bin/avr-g++" -c -g -Os -w -std=gnu++11 -fpermissive -fno-exceptions -ffunction-sections -fdata-sections -fno-threadsafe-statics -Wno-error=narrowing -MMD -flto -mmcu=atmega328p -DF_CPU=16000000L -DARDUINO=10807 -DARDUINO_AVR_NANO -DARDUINO_ARCH_AVR "-IC:\\Program Files (x86)\\Arduino\\hardware\\arduino\\avr\\cores\\arduino" "-IC:\\Program Files (x86)\\Arduino\\hardware\\arduino\\avr\\variants\\eightanaloginputs" "C:\\Program Files (x86)\\Arduino\\hardware\\arduino\\avr\\cores\\arduino\\Stream.cpp" -o "C:\\Users\\5578\\AppData\\Local\\Temp\\arduino_build_433861\\core\\Stream.cpp.o"
"C:\\Program Files (x86)\\Arduino\\hardware\\tools\\avr/bin/avr-g++" -c -g -Os -w -std=gnu++11 -fpermissive -fno-exceptions -ffunction-sections -fdata-sections -fno-threadsafe-statics -Wno-error=narrowing -MMD -flto -mmcu=atmega328p -DF_CPU=16000000L -DARDUINO=10807 -DARDUINO_AVR_NANO -DARDUINO_ARCH_AVR "-IC:\\Program Files (x86)\\Arduino\\hardware\\arduino\\avr\\cores\\arduino" "-IC:\\Program Files (x86)\\Arduino\\hardware\\arduino\\avr\\variants\\eightanaloginputs" "C:\\Program Files (x86)\\Arduino\\hardware\\arduino\\avr\\cores\\arduino\\HardwareSerial0.cpp" -o "C:\\Users\\5578\\AppData\\Local\\Temp\\arduino_build_433861\\core\\HardwareSerial0.cpp.o"
"C:\\Program Files (x86)\\Arduino\\hardware\\tools\\avr/bin/avr-g++" -c -g -Os -w -std=gnu++11 -fpermissive -fno-exceptions -ffunction-sections -fdata-sections -fno-threadsafe-statics -Wno-error=narrowing -MMD -flto -mmcu=atmega328p -DF_CPU=16000000L -DARDUINO=10807 -DARDUINO_AVR_NANO -DARDUINO_ARCH_AVR "-IC:\\Program Files (x86)\\Arduino\\hardware\\arduino\\avr\\cores\\arduino" "-IC:\\Program Files (x86)\\Arduino\\hardware\\arduino\\avr\\variants\\eightanaloginputs" "C:\\Program Files (x86)\\Arduino\\hardware\\arduino\\avr\\cores\\arduino\\abi.cpp" -o "C:\\Users\\5578\\AppData\\Local\\Temp\\arduino_build_433861\\core\\abi.cpp.o"
"C:\\Program Files (x86)\\Arduino\\hardware\\tools\\avr/bin/avr-g++" -c -g -Os -w -std=gnu++11 -fpermissive -fno-exceptions -ffunction-sections -fdata-sections -fno-threadsafe-statics -Wno-error=narrowing -MMD -flto -mmcu=atmega328p -DF_CPU=16000000L -DARDUINO=10807 -DARDUINO_AVR_NANO -DARDUINO_ARCH_AVR "-IC:\\Program Files (x86)\\Arduino\\hardware\\arduino\\avr\\cores\\arduino" "-IC:\\Program Files (x86)\\Arduino\\hardware\\arduino\\avr\\variants\\eightanaloginputs" "C:\\Program Files (x86)\\Arduino\\hardware\\arduino\\avr\\cores\\arduino\\HardwareSerial1.cpp" -o "C:\\Users\\5578\\AppData\\Local\\Temp\\arduino_build_433861\\core\\HardwareSerial1.cpp.o"
"C:\\Program Files (x86)\\Arduino\\hardware\\tools\\avr/bin/avr-g++" -c -g -Os -w -std=gnu++11 -fpermissive -fno-exceptions -ffunction-sections -fdata-sections -fno-threadsafe-statics -Wno-error=narrowing -MMD -flto -mmcu=atmega328p -DF_CPU=16000000L -DARDUINO=10807 -DARDUINO_AVR_NANO -DARDUINO_ARCH_AVR "-IC:\\Program Files (x86)\\Arduino\\hardware\\arduino\\avr\\cores\\arduino" "-IC:\\Program Files (x86)\\Arduino\\hardware\\arduino\\avr\\variants\\eightanaloginputs" "C:\\Program Files (x86)\\Arduino\\hardware\\arduino\\avr\\cores\\arduino\\main.cpp" -o "C:\\Users\\5578\\AppData\\Local\\Temp\\arduino_build_433861\\core\\main.cpp.o"
"C:\\Program Files (x86)\\Arduino\\hardware\\tools\\avr/bin/avr-g++" -c -g -Os -w -std=gnu++11 -fpermissive -fno-exceptions -ffunction-sections -fdata-sections -fno-threadsafe-statics -Wno-error=narrowing -MMD -flto -mmcu=atmega328p -DF_CPU=16000000L -DARDUINO=10807 -DARDUINO_AVR_NANO -DARDUINO_ARCH_AVR "-IC:\\Program Files (x86)\\Arduino\\hardware\\arduino\\avr\\cores\\arduino" "-IC:\\Program Files (x86)\\Arduino\\hardware\\arduino\\avr\\variants\\eightanaloginputs" "C:\\Program Files (x86)\\Arduino\\hardware\\arduino\\avr\\cores\\arduino\\HardwareSerial2.cpp" -o "C:\\Users\\5578\\AppData\\Local\\Temp\\arduino_build_433861\\core\\HardwareSerial2.cpp.o"
"C:\\Program Files (x86)\\Arduino\\hardware\\tools\\avr/bin/avr-g++" -c -g -Os -w -std=gnu++11 -fpermissive -fno-exceptions -ffunction-sections -fdata-sections -fno-threadsafe-statics -Wno-error=narrowing -MMD -flto -mmcu=atmega328p -DF_CPU=16000000L -DARDUINO=10807 -DARDUINO_AVR_NANO -DARDUINO_ARCH_AVR "-IC:\\Program Files (x86)\\Arduino\\hardware\\arduino\\avr\\cores\\arduino" "-IC:\\Program Files (x86)\\Arduino\\hardware\\arduino\\avr\\variants\\eightanaloginputs" "C:\\Program Files (x86)\\Arduino\\hardware\\arduino\\avr\\cores\\arduino\\IPAddress.cpp" -o "C:\\Users\\5578\\AppData\\Local\\Temp\\arduino_build_433861\\core\\IPAddress.cpp.o"
"C:\\Program Files (x86)\\Arduino\\hardware\\tools\\avr/bin/avr-g++" -c -g -Os -w -std=gnu++11 -fpermissive -fno-exceptions -ffunction-sections -fdata-sections -fno-threadsafe-statics -Wno-error=narrowing -MMD -flto -mmcu=atmega328p -DF_CPU=16000000L -DARDUINO=10807 -DARDUINO_AVR_NANO -DARDUINO_ARCH_AVR "-IC:\\Program Files (x86)\\Arduino\\hardware\\arduino\\avr\\cores\\arduino" "-IC:\\Program Files (x86)\\Arduino\\hardware\\arduino\\avr\\variants\\eightanaloginputs" "C:\\Program Files (x86)\\Arduino\\hardware\\arduino\\avr\\cores\\arduino\\PluggableUSB.cpp" -o "C:\\Users\\5578\\AppData\\Local\\Temp\\arduino_build_433861\\core\\PluggableUSB.cpp.o"
"C:\\Program Files (x86)\\Arduino\\hardware\\tools\\avr/bin/avr-g++" -c -g -Os -w -std=gnu++11 -fpermissive -fno-exceptions -ffunction-sections -fdata-sections -fno-threadsafe-statics -Wno-error=narrowing -MMD -flto -mmcu=atmega328p -DF_CPU=16000000L -DARDUINO=10807 -DARDUINO_AVR_NANO -DARDUINO_ARCH_AVR "-IC:\\Program Files (x86)\\Arduino\\hardware\\arduino\\avr\\cores\\arduino" "-IC:\\Program Files (x86)\\Arduino\\hardware\\arduino\\avr\\variants\\eightanaloginputs" "C:\\Program Files (x86)\\Arduino\\hardware\\arduino\\avr\\cores\\arduino\\new.cpp" -o "C:\\Users\\5578\\AppData\\Local\\Temp\\arduino_build_433861\\core\\new.cpp.o"
"C:\\Program Files (x86)\\Arduino\\hardware\\tools\\avr/bin/avr-g++" -c -g -Os -w -std=gnu++11 -fpermissive -fno-exceptions -ffunction-sections -fdata-sections -fno-threadsafe-statics -Wno-error=narrowing -MMD -flto -mmcu=atmega328p -DF_CPU=16000000L -DARDUINO=10807 -DARDUINO_AVR_NANO -DARDUINO_ARCH_AVR "-IC:\\Program Files (x86)\\Arduino\\hardware\\arduino\\avr\\cores\\arduino" "-IC:\\Program Files (x86)\\Arduino\\hardware\\arduino\\avr\\variants\\eightanaloginputs" "C:\\Program Files (x86)\\Arduino\\hardware\\arduino\\avr\\cores\\arduino\\HardwareSerial3.cpp" -o "C:\\Users\\5578\\AppData\\Local\\Temp\\arduino_build_433861\\core\\HardwareSerial3.cpp.o"
"C:\\Program Files (x86)\\Arduino\\hardware\\tools\\avr/bin/avr-gcc-ar" rcs "C:\\Users\\5578\\AppData\\Local\\Temp\\arduino_build_433861\\core\\core.a" "C:\\Users\\5578\\AppData\\Local\\Temp\\arduino_build_433861\\core\\CDC.cpp.o"
"C:\\Program Files (x86)\\Arduino\\hardware\\tools\\avr/bin/avr-gcc-ar" rcs "C:\\Users\\5578\\AppData\\Local\\Temp\\arduino_build_433861\\core\\core.a" "C:\\Users\\5578\\AppData\\Local\\Temp\\arduino_build_433861\\core\\HardwareSerial.cpp.o"
"C:\\Program Files (x86)\\Arduino\\hardware\\tools\\avr/bin/avr-gcc-ar" rcs "C:\\Users\\5578\\AppData\\Local\\Temp\\arduino_build_433861\\core\\core.a" "C:\\Users\\5578\\AppData\\Local\\Temp\\arduino_build_433861\\core\\HardwareSerial0.cpp.o"
"C:\\Program Files (x86)\\Arduino\\hardware\\tools\\avr/bin/avr-gcc-ar" rcs "C:\\Users\\5578\\AppData\\Local\\Temp\\arduino_build_433861\\core\\core.a" "C:\\Users\\5578\\AppData\\Local\\Temp\\arduino_build_433861\\core\\HardwareSerial1.cpp.o"
"C:\\Program Files (x86)\\Arduino\\hardware\\tools\\avr/bin/avr-gcc-ar" rcs "C:\\Users\\5578\\AppData\\Local\\Temp\\arduino_build_433861\\core\\core.a" "C:\\Users\\5578\\AppData\\Local\\Temp\\arduino_build_433861\\core\\HardwareSerial2.cpp.o"
"C:\\Program Files (x86)\\Arduino\\hardware\\tools\\avr/bin/avr-gcc-ar" rcs "C:\\Users\\5578\\AppData\\Local\\Temp\\arduino_build_433861\\core\\core.a" "C:\\Users\\5578\\AppData\\Local\\Temp\\arduino_build_433861\\core\\HardwareSerial3.cpp.o"
"C:\\Program Files (x86)\\Arduino\\hardware\\tools\\avr/bin/avr-gcc-ar" rcs "C:\\Users\\5578\\AppData\\Local\\Temp\\arduino_build_433861\\core\\core.a" "C:\\Users\\5578\\AppData\\Local\\Temp\\arduino_build_433861\\core\\IPAddress.cpp.o"
"C:\\Program Files (x86)\\Arduino\\hardware\\tools\\avr/bin/avr-gcc-ar" rcs "C:\\Users\\5578\\AppData\\Local\\Temp\\arduino_build_433861\\core\\core.a" "C:\\Users\\5578\\AppData\\Local\\Temp\\arduino_build_433861\\core\\PluggableUSB.cpp.o"
"C:\\Program Files (x86)\\Arduino\\hardware\\tools\\avr/bin/avr-gcc-ar" rcs "C:\\Users\\5578\\AppData\\Local\\Temp\\arduino_build_433861\\core\\core.a" "C:\\Users\\5578\\AppData\\Local\\Temp\\arduino_build_433861\\core\\Print.cpp.o"
"C:\\Program Files (x86)\\Arduino\\hardware\\tools\\avr/bin/avr-gcc-ar" rcs "C:\\Users\\5578\\AppData\\Local\\Temp\\arduino_build_433861\\core\\core.a" "C:\\Users\\5578\\AppData\\Local\\Temp\\arduino_build_433861\\core\\Stream.cpp.o"
"C:\\Program Files (x86)\\Arduino\\hardware\\tools\\avr/bin/avr-gcc-ar" rcs "C:\\Users\\5578\\AppData\\Local\\Temp\\arduino_build_433861\\core\\core.a" "C:\\Users\\5578\\AppData\\Local\\Temp\\arduino_build_433861\\core\\Tone.cpp.o"
"C:\\Program Files (x86)\\Arduino\\hardware\\tools\\avr/bin/avr-gcc-ar" rcs "C:\\Users\\5578\\AppData\\Local\\Temp\\arduino_build_433861\\core\\core.a" "C:\\Users\\5578\\AppData\\Local\\Temp\\arduino_build_433861\\core\\USBCore.cpp.o"
"C:\\Program Files (x86)\\Arduino\\hardware\\tools\\avr/bin/avr-gcc-ar" rcs "C:\\Users\\5578\\AppData\\Local\\Temp\\arduino_build_433861\\core\\core.a" "C:\\Users\\5578\\AppData\\Local\\Temp\\arduino_build_433861\\core\\WInterrupts.c.o"
"C:\\Program Files (x86)\\Arduino\\hardware\\tools\\avr/bin/avr-gcc-ar" rcs "C:\\Users\\5578\\AppData\\Local\\Temp\\arduino_build_433861\\core\\core.a" "C:\\Users\\5578\\AppData\\Local\\Temp\\arduino_build_433861\\core\\WMath.cpp.o"
"C:\\Program Files (x86)\\Arduino\\hardware\\tools\\avr/bin/avr-gcc-ar" rcs "C:\\Users\\5578\\AppData\\Local\\Temp\\arduino_build_433861\\core\\core.a" "C:\\Users\\5578\\AppData\\Local\\Temp\\arduino_build_433861\\core\\WString.cpp.o"
"C:\\Program Files (x86)\\Arduino\\hardware\\tools\\avr/bin/avr-gcc-ar" rcs "C:\\Users\\5578\\AppData\\Local\\Temp\\arduino_build_433861\\core\\core.a" "C:\\Users\\5578\\AppData\\Local\\Temp\\arduino_build_433861\\core\\abi.cpp.o"
"C:\\Program Files (x86)\\Arduino\\hardware\\tools\\avr/bin/avr-gcc-ar" rcs "C:\\Users\\5578\\AppData\\Local\\Temp\\arduino_build_433861\\core\\core.a" "C:\\Users\\5578\\AppData\\Local\\Temp\\arduino_build_433861\\core\\hooks.c.o"
"C:\\Program Files (x86)\\Arduino\\hardware\\tools\\avr/bin/avr-gcc-ar" rcs "C:\\Users\\5578\\AppData\\Local\\Temp\\arduino_build_433861\\core\\core.a" "C:\\Users\\5578\\AppData\\Local\\Temp\\arduino_build_433861\\core\\main.cpp.o"
"C:\\Program Files (x86)\\Arduino\\hardware\\tools\\avr/bin/avr-gcc-ar" rcs "C:\\Users\\5578\\AppData\\Local\\Temp\\arduino_build_433861\\core\\core.a" "C:\\Users\\5578\\AppData\\Local\\Temp\\arduino_build_433861\\core\\new.cpp.o"
"C:\\Program Files (x86)\\Arduino\\hardware\\tools\\avr/bin/avr-gcc-ar" rcs "C:\\Users\\5578\\AppData\\Local\\Temp\\arduino_build_433861\\core\\core.a" "C:\\Users\\5578\\AppData\\Local\\Temp\\arduino_build_433861\\core\\wiring.c.o"
"C:\\Program Files (x86)\\Arduino\\hardware\\tools\\avr/bin/avr-gcc-ar" rcs "C:\\Users\\5578\\AppData\\Local\\Temp\\arduino_build_433861\\core\\core.a" "C:\\Users\\5578\\AppData\\Local\\Temp\\arduino_build_433861\\core\\wiring_analog.c.o"
"C:\\Program Files (x86)\\Arduino\\hardware\\tools\\avr/bin/avr-gcc-ar" rcs "C:\\Users\\5578\\AppData\\Local\\Temp\\arduino_build_433861\\core\\core.a" "C:\\Users\\5578\\AppData\\Local\\Temp\\arduino_build_433861\\core\\wiring_digital.c.o"
"C:\\Program Files (x86)\\Arduino\\hardware\\tools\\avr/bin/avr-gcc-ar" rcs "C:\\Users\\5578\\AppData\\Local\\Temp\\arduino_build_433861\\core\\core.a" "C:\\Users\\5578\\AppData\\Local\\Temp\\arduino_build_433861\\core\\wiring_pulse.S.o"
"C:\\Program Files (x86)\\Arduino\\hardware\\tools\\avr/bin/avr-gcc-ar" rcs "C:\\Users\\5578\\AppData\\Local\\Temp\\arduino_build_433861\\core\\core.a" "C:\\Users\\5578\\AppData\\Local\\Temp\\arduino_build_433861\\core\\wiring_pulse.c.o"
"C:\\Program Files (x86)\\Arduino\\hardware\\tools\\avr/bin/avr-gcc-ar" rcs "C:\\Users\\5578\\AppData\\Local\\Temp\\arduino_build_433861\\core\\core.a" "C:\\Users\\5578\\AppData\\Local\\Temp\\arduino_build_433861\\core\\wiring_shift.c.o"
Archiving built core (caching) in: C:\Users\5578\AppData\Local\Temp\arduino_cache_708779\core\core_arduino_avr_nano_cpu_atmega328old_0c812875ac70eb4a9b385d8fb077f54c.a
Linking everything together...
"C:\\Program Files (x86)\\Arduino\\hardware\\tools\\avr/bin/avr-gcc" -w -Os -g -flto -fuse-linker-plugin -Wl,--gc-sections -mmcu=atmega328p -o "C:\\Users\\5578\\AppData\\Local\\Temp\\arduino_build_433861/key-led-servo.ino.elf" "C:\\Users\\5578\\AppData\\Local\\Temp\\arduino_build_433861\\sketch\\key-led-servo.ino.cpp.o" "C:\\Users\\5578\\AppData\\Local\\Temp\\arduino_build_433861\\libraries\\Servo\\avr\\Servo.cpp.o" "C:\\Users\\5578\\AppData\\Local\\Temp\\arduino_build_433861\\libraries\\Servo\\nrf52\\Servo.cpp.o" "C:\\Users\\5578\\AppData\\Local\\Temp\\arduino_build_433861\\libraries\\Servo\\sam\\Servo.cpp.o" "C:\\Users\\5578\\AppData\\Local\\Temp\\arduino_build_433861\\libraries\\Servo\\samd\\Servo.cpp.o" "C:\\Users\\5578\\AppData\\Local\\Temp\\arduino_build_433861\\libraries\\Servo\\stm32f4\\Servo.cpp.o" "C:\\Users\\5578\\AppData\\Local\\Temp\\arduino_build_433861/core\\core.a" "-LC:\\Users\\5578\\AppData\\Local\\Temp\\arduino_build_433861" -lm
"C:\\Program Files (x86)\\Arduino\\hardware\\tools\\avr/bin/avr-objcopy" -O ihex -j .eeprom --set-section-flags=.eeprom=alloc,load --no-change-warnings --change-section-lma .eeprom=0 "C:\\Users\\5578\\AppData\\Local\\Temp\\arduino_build_433861/key-led-servo.ino.elf" "C:\\Users\\5578\\AppData\\Local\\Temp\\arduino_build_433861/key-led-servo.ino.eep"
"C:\\Program Files (x86)\\Arduino\\hardware\\tools\\avr/bin/avr-objcopy" -O ihex -R .eeprom "C:\\Users\\5578\\AppData\\Local\\Temp\\arduino_build_433861/key-led-servo.ino.elf" "C:\\Users\\5578\\AppData\\Local\\Temp\\arduino_build_433861/key-led-servo.ino.hex"
Using library Servo at version 1.1.2 in folder: C:\Program Files (x86)\Arduino\libraries\Servo 
"C:\\Program Files (x86)\\Arduino\\hardware\\tools\\avr/bin/avr-size" -A "C:\\Users\\5578\\AppData\\Local\\Temp\\arduino_build_433861/key-led-servo.ino.elf"
Sketch uses 4068 bytes (13%) of program storage space. Maximum is 30720 bytes.
Global variables use 294 bytes (14%) of dynamic memory, leaving 1754 bytes for local variables. Maximum is 2048 bytes.
C:\Program Files (x86)\Arduino\hardware\tools\avr/bin/avrdude -CC:\Program Files (x86)\Arduino\hardware\tools\avr/etc/avrdude.conf -v -patmega328p -carduino -PCOM11 -b57600 -D -Uflash:w:C:\Users\5578\AppData\Local\Temp\arduino_build_433861/key-led-servo.ino.hex:i 

avrdude: Version 6.3-20171130
         Copyright (c) 2000-2005 Brian Dean, http://www.bdmicro.com/
         Copyright (c) 2007-2014 Joerg Wunsch

         System wide configuration file is "C:\Program Files (x86)\Arduino\hardware\tools\avr/etc/avrdude.conf"

         Using Port                    : COM11
         Using Programmer              : arduino
         Overriding Baud Rate          : 57600
         AVR Part                      : ATmega328P
         Chip Erase delay              : 9000 us
         PAGEL                         : PD7
         BS2                           : PC2
         RESET disposition             : dedicated
         RETRY pulse                   : SCK
         serial program mode           : yes
         parallel program mode         : yes
         Timeout                       : 200
         StabDelay                     : 100
         CmdexeDelay                   : 25
         SyncLoops                     : 32
         ByteDelay                     : 0
         PollIndex                     : 3
         PollValue                     : 0x53
         Memory Detail                 :

                                  Block Poll               Page                       Polled
           Memory Type Mode Delay Size  Indx Paged  Size   Size #Pages MinW  MaxW   ReadBack
           ----------- ---- ----- ----- ---- ------ ------ ---- ------ ----- ----- ---------
           eeprom        65    20     4    0 no       1024    4      0  3600  3600 0xff 0xff
           flash         65     6   128    0 yes     32768  128    256  4500  4500 0xff 0xff
           lfuse          0     0     0    0 no          1    0      0  4500  4500 0x00 0x00
           hfuse          0     0     0    0 no          1    0      0  4500  4500 0x00 0x00
           efuse          0     0     0    0 no          1    0      0  4500  4500 0x00 0x00
           lock           0     0     0    0 no          1    0      0  4500  4500 0x00 0x00
           calibration    0     0     0    0 no          1    0      0     0     0 0x00 0x00
           signature      0     0     0    0 no          3    0      0     0     0 0x00 0x00

         Programmer Type : Arduino
         Description     : Arduino
         Hardware Version: 2
         Firmware Version: 1.16
         Vtarget         : 0.0 V
         Varef           : 0.0 V
         Oscillator      : Off
         SCK period      : 0.1 us

avrdude: AVR device initialized and ready to accept instructions

Reading | ################################################## | 100% 0.00s

avrdude: Device signature = 0x1e950f (probably m328p)
avrdude: reading input file "C:\Users\5578\AppData\Local\Temp\arduino_build_433861/key-led-servo.ino.hex"
avrdude: writing flash (4068 bytes):

Writing | ################################################## | 100% 1.15s

avrdude: 4068 bytes of flash written
avrdude: verifying flash memory against C:\Users\5578\AppData\Local\Temp\arduino_build_433861/key-led-servo.ino.hex:
avrdude: load data flash data from input file C:\Users\5578\AppData\Local\Temp\arduino_build_433861/key-led-servo.ino.hex:
avrdude: input file C:\Users\5578\AppData\Local\Temp\arduino_build_433861/key-led-servo.ino.hex contains 4068 bytes
avrdude: reading on-chip flash data:

Reading | ################################################## | 100% 0.86s

avrdude: verifying ...
avrdude: 4068 bytes of flash verified

avrdude done.  Thank you.

